<?xml version="1.0" encoding="UTF-8"?>
<!-- Generated by org.testng.reporters.JUnitReportReporter -->
<testsuite hostname="1MG-LPTP-260" failures="0" tests="2" name="tests.TestCheckProfile" time="4.885" errors="0" timestamp="16 Jun 2018 15:13:06 GMT" skipped="1">
  <testcase classname="tests.TestCheckProfile" name="checkAccountLock" time="4.885"/>
  <testcase classname="tests.TestCheckProfile" name="verifyProfilePage" time="0.000">
    <skipped/>
  </testcase> <!-- verifyProfilePage -->
</testsuite> <!-- tests.TestCheckProfile -->
