<?xml version="1.0" encoding="UTF-8"?>
<!-- Generated by org.testng.reporters.JUnitReportReporter -->
<testsuite hostname="1MG-LPTP-260" failures="0" tests="2" name="tests.TestTaskComplete" time="11.487" errors="0" timestamp="17 Jun 2018 15:12:20 GMT" skipped="0">
  <testcase classname="tests.TestTaskComplete" name="createTask" time="6.001"/>
  <testcase classname="tests.TestTaskComplete" name="completeTask" time="5.486"/>
</testsuite> <!-- tests.TestTaskComplete -->
