<?xml version="1.0" encoding="UTF-8"?>
<!-- Generated by org.testng.reporters.JUnitReportReporter -->
<testsuite hostname="1MG-LPTP-260" failures="0" tests="3" name="tests.TestLogin" time="8.139" errors="0" timestamp="17 Jun 2018 15:12:20 GMT" skipped="0">
  <testcase classname="tests.TestLogin" name="verifyLogin" time="2.822"/>
  <testcase classname="tests.TestLogin" name="verifyLogin" time="3.763"/>
  <testcase classname="tests.TestLogin" name="verifyLogout" time="1.554"/>
</testsuite> <!-- tests.TestLogin -->
