<?xml version="1.0" encoding="UTF-8"?>
<!-- Generated by org.testng.reporters.JUnitReportReporter -->
<testsuite hostname="1MG-LPTP-260" failures="0" tests="2" name="tests.TestProfileAndLock" time="4.833" errors="0" timestamp="17 Jun 2018 15:12:20 GMT" skipped="0">
  <testcase classname="tests.TestProfileAndLock" name="checkAccountLock" time="3.150"/>
  <testcase classname="tests.TestProfileAndLock" name="verifyProfilePage" time="1.683"/>
</testsuite> <!-- tests.TestProfileAndLock -->
